<?xml version="1.0" encoding="UTF-8"?>
<!-- Generated by org.testng.reporters.JUnitReportReporter -->
<testsuite name="TestNGSession.Invocationcount" tests="10" time="0.025" ignored="0" failures="0" timestamp="23 May 2022 14:19:57 GMT" skipped="0" hostname="LAPTOP-0H005IDA" errors="0">
  <testcase name="createusertest" time="0.000" classname="TestNGSession.Invocationcount"/>
  <testcase name="createusertest" time="0.000" classname="TestNGSession.Invocationcount"/>
  <testcase name="createusertest" time="0.000" classname="TestNGSession.Invocationcount"/>
  <testcase name="createusertest" time="0.006" classname="TestNGSession.Invocationcount"/>
  <testcase name="createusertest" time="0.015" classname="TestNGSession.Invocationcount"/>
  <testcase name="createusertest" time="0.000" classname="TestNGSession.Invocationcount"/>
  <testcase name="createusertest" time="0.000" classname="TestNGSession.Invocationcount"/>
  <testcase name="createusertest" time="0.000" classname="TestNGSession.Invocationcount"/>
  <testcase name="createusertest" time="0.003" classname="TestNGSession.Invocationcount"/>
  <testcase name="createusertest" time="0.001" classname="TestNGSession.Invocationcount"/>
</testsuite> <!-- TestNGSession.Invocationcount -->
