<?xml version="1.0" encoding="UTF-8"?>
<!-- Generated by org.testng.reporters.JUnitReportReporter -->
<testsuite name="TestNGSession.TestNGAnnotations" tests="2" time="0.004" ignored="0" failures="0" timestamp="23 May 2022 11:16:28 GMT" skipped="0" hostname="LAPTOP-0H005IDA" errors="0">
  <testcase name="userInfoTest" time="0.002" classname="TestNGSession.TestNGAnnotations"/>
  <testcase name="getPageTitle" time="0.002" classname="TestNGSession.TestNGAnnotations"/>
</testsuite> <!-- TestNGSession.TestNGAnnotations -->
