<?xml version="1.0" encoding="UTF-8"?>
<!-- Generated by org.testng.reporters.JUnitReportReporter -->
<testsuite name="TestNGSession.Prioritytest" tests="5" time="0.025" ignored="0" failures="0" timestamp="23 May 2022 11:59:02 GMT" skipped="0" hostname="LAPTOP-0H005IDA" errors="0">
  <testcase name="d_test" time="0.000" classname="TestNGSession.Prioritytest"/>
  <testcase name="b_test" time="0.017" classname="TestNGSession.Prioritytest"/>
  <testcase name="a_test" time="0.008" classname="TestNGSession.Prioritytest"/>
  <testcase name="c_test" time="0.000" classname="TestNGSession.Prioritytest"/>
  <testcase name="e_test" time="0.000" classname="TestNGSession.Prioritytest"/>
</testsuite> <!-- TestNGSession.Prioritytest -->
