<?xml version="1.0" encoding="UTF-8"?>
<!-- Generated by org.testng.reporters.JUnitReportReporter -->
<testsuite name="TestNGSession.testngpractise" tests="1" time="0.011" ignored="0" failures="0" timestamp="22 May 2022 08:41:06 GMT" skipped="0" hostname="LAPTOP-0H005IDA" errors="0">
  <testcase name="getPageTitle" time="0.011" classname="TestNGSession.testngpractise"/>
</testsuite> <!-- TestNGSession.testngpractise -->
